Using pre-set license
Built from '2021.3/staging' branch; Version is '2021.3.45f1 (0da89fac8e79) revision 895135'; Using compiler version '192829333'; Build Type 'Release'
OS: 'Unknown Windows version  (6.2.9200) 64bit Professional' Language: 'en' Physical Memory: 32547 MB
BatchMode: 1, IsHumanControllingUs: 0, StartBugReporterOnCrash: 0, Is64bit: 1, IsPro: 1

COMMAND LINE ARGUMENTS:
E:\Program Files\Unity Hub\Editor\2021.3.45f1\Editor\Unity.exe
-adb2
-batchMode
-noUpm
-name
AssetImportWorker2
-projectPath
D:/Unity Projects/MVP Project/EmpowHer
-logFile
Logs/AssetImportWorker2.log
-srvPort
49958
Successfully changed project path to: D:/Unity Projects/MVP Project/EmpowHer
D:/Unity Projects/MVP Project/EmpowHer
[UnityMemory] Configuration Parameters - Can be set up in boot.config
    "memorysetup-bucket-allocator-granularity=16"
    "memorysetup-bucket-allocator-bucket-count=8"
    "memorysetup-bucket-allocator-block-size=33554432"
    "memorysetup-bucket-allocator-block-count=8"
    "memorysetup-main-allocator-block-size=16777216"
    "memorysetup-thread-allocator-block-size=16777216"
    "memorysetup-gfx-main-allocator-block-size=16777216"
    "memorysetup-gfx-thread-allocator-block-size=16777216"
    "memorysetup-cache-allocator-block-size=4194304"
    "memorysetup-typetree-allocator-block-size=2097152"
    "memorysetup-profiler-bucket-allocator-granularity=16"
    "memorysetup-profiler-bucket-allocator-bucket-count=8"
    "memorysetup-profiler-bucket-allocator-block-size=33554432"
    "memorysetup-profiler-bucket-allocator-block-count=8"
    "memorysetup-profiler-allocator-block-size=16777216"
    "memorysetup-profiler-editor-allocator-block-size=1048576"
    "memorysetup-temp-allocator-size-main=16777216"
    "memorysetup-job-temp-allocator-block-size=2097152"
    "memorysetup-job-temp-allocator-block-size-background=1048576"
    "memorysetup-job-temp-allocator-reduction-small-platforms=262144"
    "memorysetup-temp-allocator-size-background-worker=32768"
    "memorysetup-temp-allocator-size-job-worker=262144"
    "memorysetup-temp-allocator-size-preload-manager=33554432"
    "memorysetup-temp-allocator-size-nav-mesh-worker=65536"
    "memorysetup-temp-allocator-size-audio-worker=65536"
    "memorysetup-temp-allocator-size-cloud-worker=32768"
    "memorysetup-temp-allocator-size-gi-baking-worker=262144"
    "memorysetup-temp-allocator-size-gfx=262144"
Player connection [15768] Host "[IP] 192.168.0.108 [Port] 0 [Flags] 2 [Guid] 1500784196 [EditorId] 1500784196 [Version] 1048832 [Id] WindowsEditor(7,KingRyan) [Debug] 1 [PackageName] WindowsEditor [ProjectName] Editor" joined multi-casting on [225.0.0.222:54997]...

Player connection [15768] Host "[IP] 192.168.0.108 [Port] 0 [Flags] 2 [Guid] 1500784196 [EditorId] 1500784196 [Version] 1048832 [Id] WindowsEditor(7,KingRyan) [Debug] 1 [PackageName] WindowsEditor [ProjectName] Editor" joined alternative multi-casting on [225.0.0.222:34997]...

[Physics::Module] Initialized MultithreadedJobDispatcher with {0} workers.
Refreshing native plugins compatible for Editor in 127.41 ms, found 3 plugins.
Preloading 0 native plugins for Editor in 0.00 ms.
Initialize engine version: 2021.3.45f1 (0da89fac8e79)
[Subsystems] Discovering subsystems at path E:/Program Files/Unity Hub/Editor/2021.3.45f1/Editor/Data/Resources/UnitySubsystems
[Subsystems] Discovering subsystems at path D:/Unity Projects/MVP Project/EmpowHer/Assets
GfxDevice: creating device client; threaded=0; jobified=0
Direct3D:
    Version:  Direct3D 11.0 [level 11.1]
    Renderer: NVIDIA GeForce RTX 3060 Laptop GPU (ID=0x2520)
    Vendor:   NVIDIA
    VRAM:     5996 MB
    Driver:   32.0.15.7242
Initialize mono
Mono path[0] = 'E:/Program Files/Unity Hub/Editor/2021.3.45f1/Editor/Data/Managed'
Mono path[1] = 'E:/Program Files/Unity Hub/Editor/2021.3.45f1/Editor/Data/MonoBleedingEdge/lib/mono/unityjit-win32'
Mono config path = 'E:/Program Files/Unity Hub/Editor/2021.3.45f1/Editor/Data/MonoBleedingEdge/etc'
Using monoOptions --debugger-agent=transport=dt_socket,embedding=1,server=y,suspend=n,address=127.0.0.1:56376
Begin MonoManager ReloadAssembly
Registering precompiled unity dll's ...
Register platform support module: E:/Program Files/Unity Hub/Editor/2021.3.45f1/Editor/Data/PlaybackEngines/WebGLSupport/UnityEditor.WebGL.Extensions.dll
Register platform support module: E:/Program Files/Unity Hub/Editor/2021.3.45f1/Editor/Data/PlaybackEngines/AndroidPlayer/UnityEditor.Android.Extensions.dll
Register platform support module: E:/Program Files/Unity Hub/Editor/2021.3.45f1/Editor/Data/PlaybackEngines/iOSSupport/UnityEditor.iOS.Extensions.dll
Register platform support module: E:/Program Files/Unity Hub/Editor/2021.3.45f1/Editor/Data/PlaybackEngines/WindowsStandaloneSupport/UnityEditor.WindowsStandalone.Extensions.dll
Registered in 0.011092 seconds.
Native extension for WindowsStandalone target not found
[usbmuxd] Start listen thread
[usbmuxd] Listen thread started
Native extension for iOS target not found
Native extension for Android target not found
Android Extension - Scanning For ADB Devices 518 ms
Native extension for WebGL target not found
Refreshing native plugins compatible for Editor in 138.17 ms, found 3 plugins.
Preloading 0 native plugins for Editor in 0.00 ms.
Mono: successfully reloaded assembly
- Completed reload, in  3.250 seconds
Domain Reload Profiling:
	ReloadAssembly (3252ms)
		BeginReloadAssembly (338ms)
			ExecutionOrderSort (0ms)
			DisableScriptedObjects (0ms)
			BackupInstance (0ms)
			ReleaseScriptingObjects (0ms)
			CreateAndSetChildDomain (3ms)
		EndReloadAssembly (2452ms)
			LoadAssemblies (336ms)
			RebuildTransferFunctionScriptingTraits (0ms)
			SetupTypeCache (614ms)
			ReleaseScriptCaches (0ms)
			RebuildScriptCaches (138ms)
			SetupLoadedEditorAssemblies (1551ms)
				LogAssemblyErrors (0ms)
				InitializePlatformSupportModulesInManaged (843ms)
				SetLoadedEditorAssemblies (1ms)
				RefreshPlugins (138ms)
				BeforeProcessingInitializeOnLoad (4ms)
				ProcessInitializeOnLoadAttributes (403ms)
				ProcessInitializeOnLoadMethodAttributes (161ms)
				AfterProcessingInitializeOnLoad (0ms)
				EditorAssembliesLoaded (0ms)
			ExecutionOrderSort2 (0ms)
			AwakeInstancesAfterBackupRestoration (0ms)
Platform modules already initialized, skipping
Registering precompiled user dll's ...
Registered in 0.009488 seconds.
Begin MonoManager ReloadAssembly
Native extension for WindowsStandalone target not found
Native extension for iOS target not found
Native extension for Android target not found
Native extension for WebGL target not found
Refreshing native plugins compatible for Editor in 1.23 ms, found 3 plugins.
Preloading 0 native plugins for Editor in 0.00 ms.
Package Manager log level set to [2]
[Package Manager] Server::EnsureServerProcessIsRunning -- launch failed, reason: Unity was launched with the -noUpm command-line argument
[Package Manager] Cannot connect to Unity Package Manager local server
Mono: successfully reloaded assembly
- Completed reload, in  5.247 seconds
Domain Reload Profiling:
	ReloadAssembly (5250ms)
		BeginReloadAssembly (824ms)
			ExecutionOrderSort (0ms)
			DisableScriptedObjects (31ms)
			BackupInstance (0ms)
			ReleaseScriptingObjects (0ms)
			CreateAndSetChildDomain (362ms)
		EndReloadAssembly (3931ms)
			LoadAssemblies (295ms)
			RebuildTransferFunctionScriptingTraits (0ms)
			SetupTypeCache (1530ms)
			ReleaseScriptCaches (1ms)
			RebuildScriptCaches (158ms)
			SetupLoadedEditorAssemblies (1823ms)
				LogAssemblyErrors (0ms)
				InitializePlatformSupportModulesInManaged (96ms)
				SetLoadedEditorAssemblies (2ms)
				RefreshPlugins (1ms)
				BeforeProcessingInitializeOnLoad (192ms)
				ProcessInitializeOnLoadAttributes (1427ms)
				ProcessInitializeOnLoadMethodAttributes (100ms)
				AfterProcessingInitializeOnLoad (5ms)
				EditorAssembliesLoaded (0ms)
			ExecutionOrderSort2 (0ms)
			AwakeInstancesAfterBackupRestoration (16ms)
Platform modules already initialized, skipping
========================================================================
Worker process is ready to serve import requests
Launched and connected shader compiler UnityShaderCompiler.exe after 0.08 seconds
Refreshing native plugins compatible for Editor in 0.58 ms, found 3 plugins.
Preloading 0 native plugins for Editor in 0.00 ms.
Unloading 3147 Unused Serialized files (Serialized files now loaded: 0)
Unloading 24 unused Assets / (46.4 KB). Loaded Objects now: 3609.
Memory consumption went from 110.7 MB to 110.6 MB.
Total: 4.723600 ms (FindLiveObjects: 0.297700 ms CreateObjectMapping: 0.140200 ms MarkObjects: 4.203900 ms  DeleteObjects: 0.080300 ms)

AssetImportParameters requested are different than current active one (requested -> active):
  custom:video-decoder-ogg-theora: a1e56fd34408186e4bbccfd4996cb3dc -> 
  custom:container-muxer-webm: aa71ff27fc2769a1b78a27578f13a17b -> 
  custom:container-demuxer-webm: 4f35f7cbe854078d1ac9338744f61a02 -> 
  custom:video-encoder-webm-vp8: eb34c28f22e8b96e1ab97ce403110664 -> 
  custom:video-codec-MediaFoundation-h265: 746d11721c4dcdbdad8f713fa42b33f4 -> 
  custom:CustomObjectIndexerAttribute: bc11b3a6c3213fcdd17b65e7da85e133 -> 
  custom:audio-encoder-webm-vorbis: bf7c407c2cedff20999df2af8eb42d56 -> 
  custom:framework-win-MediaFoundation: 216162199b28c13a410421893ffa2e32 -> 
  custom:SearchIndexIgnoredProperties: e643bd26f0fe6173181afceb89e7c659 -> 
  custom:container-demuxer-ogg: 62fdf1f143b41e24485cea50d1cbac27 -> 
  custom:video-decoder-webm-vp8: 9c59270c3fd7afecdb556c50c9e8de78 -> 
  custom:audio-decoder-ogg-vorbis: bf7c407c2cedff20999df2af8eb42d56 -> 
========================================================================
Received Import Request.
  Time since last request: 10380.314505 seconds.
  path: Assets/UI/New Splash BG Image.png
  artifactKey: Guid(b93b97210f7a83a4195f473a040e07ae) Importer(815301076,1909f56bfc062723c751e8b465ee728b)
Number of updated assets reloaded before import = 0
Start importing Assets/UI/New Splash BG Image.png using Guid(b93b97210f7a83a4195f473a040e07ae) Importer(815301076,1909f56bfc062723c751e8b465ee728b)  -> (artifact id: '1b1fb82355f62846823ad79718f2f9d4') in 0.203296 seconds 
Number of asset objects unloaded after import = 2
========================================================================
Received Import Request.
  Time since last request: 17.060904 seconds.
  path: Assets/UI/New Splash BG Image.png
  artifactKey: Guid(b93b97210f7a83a4195f473a040e07ae) Importer(815301076,1909f56bfc062723c751e8b465ee728b)
Number of updated assets reloaded before import = 0
Start importing Assets/UI/New Splash BG Image.png using Guid(b93b97210f7a83a4195f473a040e07ae) Importer(815301076,1909f56bfc062723c751e8b465ee728b)  -> (artifact id: 'fe9714485785f515faa946ba63e5406d') in 0.440968 seconds 
Number of asset objects unloaded after import = 3
========================================================================
Received Import Request.
  Time since last request: 214.610036 seconds.
  path: Assets/UI/Get Started Button.png
  artifactKey: Guid(ee022e985cd82eb4bab42bf25eb4a62b) Importer(815301076,1909f56bfc062723c751e8b465ee728b)
Number of updated assets reloaded before import = 0
Start importing Assets/UI/Get Started Button.png using Guid(ee022e985cd82eb4bab42bf25eb4a62b) Importer(815301076,1909f56bfc062723c751e8b465ee728b)  -> (artifact id: '2c42ce906ba25f3936ee3c841f3718c4') in 0.053137 seconds 
Number of asset objects unloaded after import = 3
========================================================================
Received Import Request.
  Time since last request: 78.991484 seconds.
  path: Assets/Animations/Logo.controller
  artifactKey: Guid(abe46c7a26428564d8635c8492850109) Importer(815301076,1909f56bfc062723c751e8b465ee728b)
Number of updated assets reloaded before import = 0
Start importing Assets/Animations/Logo.controller using Guid(abe46c7a26428564d8635c8492850109) Importer(815301076,1909f56bfc062723c751e8b465ee728b)  -> (artifact id: '6d35a8b8e0fcf58c980882e483249602') in 0.013943 seconds 
Number of asset objects unloaded after import = 4
========================================================================
Received Import Request.
  Time since last request: 72.490755 seconds.
  path: Assets/UI/Black Shader.png
  artifactKey: Guid(8707279fc5362844694e7a57880349f0) Importer(815301076,1909f56bfc062723c751e8b465ee728b)
Number of updated assets reloaded before import = 0
Start importing Assets/UI/Black Shader.png using Guid(8707279fc5362844694e7a57880349f0) Importer(815301076,1909f56bfc062723c751e8b465ee728b)  -> (artifact id: '62663bc330aad964bb338e94e1fdfdc5') in 0.062307 seconds 
Number of asset objects unloaded after import = 2
========================================================================
Received Import Request.
  Time since last request: 24.283234 seconds.
  path: Assets/UI/Daraverse Icon.png
  artifactKey: Guid(2b9287099af405c43902d6b5bb60712d) Importer(815301076,1909f56bfc062723c751e8b465ee728b)
Number of updated assets reloaded before import = 0
Start importing Assets/UI/Daraverse Icon.png using Guid(2b9287099af405c43902d6b5bb60712d) Importer(815301076,1909f56bfc062723c751e8b465ee728b)  -> (artifact id: '8836879deae408d1a4323248d2c2f2f3') in 0.042197 seconds 
Number of asset objects unloaded after import = 3
========================================================================
Received Import Request.
  Time since last request: 72.964537 seconds.
  path: Assets/TextMesh Pro/Resources/Fonts & Materials/LiberationSans SDF - Fallback.asset
  artifactKey: Guid(2e498d1c8094910479dc3e1b768306a4) Importer(815301076,1909f56bfc062723c751e8b465ee728b)
Number of updated assets reloaded before import = 0
Start importing Assets/TextMesh Pro/Resources/Fonts & Materials/LiberationSans SDF - Fallback.asset using Guid(2e498d1c8094910479dc3e1b768306a4) Importer(815301076,1909f56bfc062723c751e8b465ee728b)  -> (artifact id: '746113244835d3087fd8c18c27f3a07a') in 0.522245 seconds 
Number of asset objects unloaded after import = 6
========================================================================
Received Import Request.
  Time since last request: 386.519387 seconds.
  path: Assets/UI/Avatar Thumbnails/African Female 2.png
  artifactKey: Guid(00ccdc2787a2b3f4d998f99963870979) Importer(815301076,1909f56bfc062723c751e8b465ee728b)
Number of updated assets reloaded before import = 0
Start importing Assets/UI/Avatar Thumbnails/African Female 2.png using Guid(00ccdc2787a2b3f4d998f99963870979) Importer(815301076,1909f56bfc062723c751e8b465ee728b)  -> (artifact id: '4c89b8e122967f2d5cf20c7ac78d2b91') in 0.099680 seconds 
Number of asset objects unloaded after import = 3
========================================================================
Received Import Request.
  Time since last request: 0.000025 seconds.
  path: Assets/UI/Avatar Thumbnails/Indian male 2.png
  artifactKey: Guid(538dcb37ce48d5440ad2836dc146f2ad) Importer(815301076,1909f56bfc062723c751e8b465ee728b)
Number of updated assets reloaded before import = 0
Start importing Assets/UI/Avatar Thumbnails/Indian male 2.png using Guid(538dcb37ce48d5440ad2836dc146f2ad) Importer(815301076,1909f56bfc062723c751e8b465ee728b)  -> (artifact id: '66f951f37b64627cbec9d421415a1c72') in 0.103820 seconds 
Number of asset objects unloaded after import = 3
========================================================================
Received Import Request.
  Time since last request: 0.000033 seconds.
  path: Assets/UI/Avatar Thumbnails/Indian female 2.png
  artifactKey: Guid(11445c960716a6d43824bf39f36bea2e) Importer(815301076,1909f56bfc062723c751e8b465ee728b)
Number of updated assets reloaded before import = 0
Start importing Assets/UI/Avatar Thumbnails/Indian female 2.png using Guid(11445c960716a6d43824bf39f36bea2e) Importer(815301076,1909f56bfc062723c751e8b465ee728b)  -> (artifact id: '52714b905af60d040a511c50d7e59ac0') in 0.094895 seconds 
Number of asset objects unloaded after import = 3
========================================================================
Received Import Request.
  Time since last request: 0.000022 seconds.
  path: Assets/UI/Avatar Thumbnails/Antarctica female 2.png
  artifactKey: Guid(5d299dfc378009e448883a73aba659d2) Importer(815301076,1909f56bfc062723c751e8b465ee728b)
Number of updated assets reloaded before import = 0
Start importing Assets/UI/Avatar Thumbnails/Antarctica female 2.png using Guid(5d299dfc378009e448883a73aba659d2) Importer(815301076,1909f56bfc062723c751e8b465ee728b)  -> (artifact id: '31e42a884cc2a0486c646fa2891ff4b8') in 0.082375 seconds 
Number of asset objects unloaded after import = 3
========================================================================
Received Import Request.
  Time since last request: 0.000028 seconds.
  path: Assets/UI/Avatar Thumbnails/Australian Male 2.png
  artifactKey: Guid(aa2fb7a0a90bdf94a91a30da4be93440) Importer(815301076,1909f56bfc062723c751e8b465ee728b)
Number of updated assets reloaded before import = 0
Start importing Assets/UI/Avatar Thumbnails/Australian Male 2.png using Guid(aa2fb7a0a90bdf94a91a30da4be93440) Importer(815301076,1909f56bfc062723c751e8b465ee728b)  -> (artifact id: '3b09c59515c1b2fdb6d47ae2617fe385') in 0.081956 seconds 
Number of asset objects unloaded after import = 3
========================================================================
Received Import Request.
  Time since last request: 0.000047 seconds.
  path: Assets/UI/Avatar Thumbnails/Black male 2.png
  artifactKey: Guid(e8af7b99cbdfc764f884b2afa86ec8ee) Importer(815301076,1909f56bfc062723c751e8b465ee728b)
Number of updated assets reloaded before import = 0
Start importing Assets/UI/Avatar Thumbnails/Black male 2.png using Guid(e8af7b99cbdfc764f884b2afa86ec8ee) Importer(815301076,1909f56bfc062723c751e8b465ee728b)  -> (artifact id: '15672ee947fd496ab89aa19b588c0c21') in 0.078389 seconds 
Number of asset objects unloaded after import = 3
========================================================================
Received Import Request.
  Time since last request: 0.000035 seconds.
  path: Assets/UI/Avatar Thumbnails/European female 2.png
  artifactKey: Guid(3c1380092219a284092a409005867582) Importer(815301076,1909f56bfc062723c751e8b465ee728b)
Number of updated assets reloaded before import = 0
Start importing Assets/UI/Avatar Thumbnails/European female 2.png using Guid(3c1380092219a284092a409005867582) Importer(815301076,1909f56bfc062723c751e8b465ee728b)  -> (artifact id: '6116ab221ed5cceb7a03a01e418c7051') in 0.098279 seconds 
Number of asset objects unloaded after import = 3
========================================================================
Received Import Request.
  Time since last request: 0.000023 seconds.
  path: Assets/UI/Avatar Thumbnails/Asian Female 2.png
  artifactKey: Guid(66cebf464c5f3314f8df60de89e99543) Importer(815301076,1909f56bfc062723c751e8b465ee728b)
Number of updated assets reloaded before import = 0
Start importing Assets/UI/Avatar Thumbnails/Asian Female 2.png using Guid(66cebf464c5f3314f8df60de89e99543) Importer(815301076,1909f56bfc062723c751e8b465ee728b)  -> (artifact id: '6a0e724f830a86dc47adfc8992872cf8') in 0.075895 seconds 
Number of asset objects unloaded after import = 3
========================================================================
Received Import Request.
  Time since last request: 0.000034 seconds.
  path: Assets/UI/Avatar Thumbnails/NAmerican Female 2.png
  artifactKey: Guid(69871093f14d0a24ca724ee9611a2b84) Importer(815301076,1909f56bfc062723c751e8b465ee728b)
Number of updated assets reloaded before import = 0
Start importing Assets/UI/Avatar Thumbnails/NAmerican Female 2.png using Guid(69871093f14d0a24ca724ee9611a2b84) Importer(815301076,1909f56bfc062723c751e8b465ee728b)  -> (artifact id: '0ab5578ce4b9f606c73273ee1b9397e3') in 0.085073 seconds 
Number of asset objects unloaded after import = 3
Editor requested this worker to shutdown with reason: Scaling down because of idle timeout
AssetImportWorker is now disconnected from the server
Process exiting
Exiting without the bug reporter. Application will terminate with return code 0